  Terrain.cpp
D:\UE\gra--generowanie__proceduralne\Testy\Project_Test\UnitTesting\PerlinNoise.h(14,2): warning C4091: 'static ': ignored on left of 'PerlinNoise' when no variable is declared
D:\UE\gra--generowanie__proceduralne\Testy\Project_Test\UnitTesting\Terrain.cpp(110,47): warning C4244: 'argument': conversion from 'double' to 'float', possible loss of data
D:\UE\gra--generowanie__proceduralne\Testy\Project_Test\UnitTesting\Terrain.cpp(110,38): warning C4244: 'argument': conversion from 'double' to 'float', possible loss of data
D:\UE\gra--generowanie__proceduralne\Testy\Project_Test\UnitTesting\Terrain.cpp(110,27): warning C4244: 'argument': conversion from 'double' to 'float', possible loss of data
D:\UE\gra--generowanie__proceduralne\Testy\Project_Test\UnitTesting\Terrain.cpp(111,37): warning C4244: 'argument': conversion from 'double' to 'float', possible loss of data
D:\UE\gra--generowanie__proceduralne\Testy\Project_Test\UnitTesting\Terrain.cpp(111,24): warning C4244: 'argument': conversion from 'double' to 'float', possible loss of data
     Creating library D:\UE\gra--generowanie__proceduralne\Testy\Project_Test\x64\Debug\UnitTesting.lib and object D:\UE\gra--generowanie__proceduralne\Testy\Project_Test\x64\Debug\UnitTesting.exp
Terrain.obj : error LNK2019: unresolved external symbol "public: void __cdecl TArray<class FVector>::Add(class FVector)" (?Add@?$TArray@VFVector@@@@QEAAXVFVector@@@Z) referenced in function "private: void __cdecl ATerrain::CreateVertices(void)" (?CreateVertices@ATerrain@@AEAAXXZ)
Terrain.obj : error LNK2019: unresolved external symbol "public: void __cdecl TArray<class FVector2D>::Add(class FVector2D)" (?Add@?$TArray@VFVector2D@@@@QEAAXVFVector2D@@@Z) referenced in function "private: void __cdecl ATerrain::CreateVertices(void)" (?CreateVertices@ATerrain@@AEAAXXZ)
D:\UE\gra--generowanie__proceduralne\Testy\Project_Test\x64\Debug\UnitTesting.dll : fatal error LNK1120: 2 unresolved externals
